{"/Users/fileas/Projects/supaprojects/client-libs/supabase-js/src/SupabaseClient.ts": {"path":"/Users/fileas/Projects/supaprojects/client-libs/supabase-js/src/SupabaseClient.ts","statementMap":{"0":{"start":{"line":1,"column":0},"end":{"line":1,"column":56}},"1":{"start":{"line":3,"column":0},"end":{"line":3,"column":null}},"2":{"start":{"line":8,"column":0},"end":{"line":8,"column":null}},"3":{"start":{"line":14,"column":0},"end":{"line":14,"column":77}},"4":{"start":{"line":15,"column":0},"end":{"line":15,"column":null}},"5":{"start":{"line":21,"column":0},"end":{"line":21,"column":43}},"6":{"start":{"line":22,"column":0},"end":{"line":22,"column":73}},"7":{"start":{"line":23,"column":0},"end":{"line":23,"column":61}},"8":{"start":{"line":76,"column":14},"end":{"line":76,"column":33}},"9":{"start":{"line":77,"column":14},"end":{"line":77,"column":33}},"10":{"start":{"line":80,"column":4},"end":{"line":80,"column":null}},"11":{"start":{"line":80,"column":22},"end":{"line":80,"column":null}},"12":{"start":{"line":81,"column":4},"end":{"line":81,"column":null}},"13":{"start":{"line":81,"column":22},"end":{"line":81,"column":null}},"14":{"start":{"line":83,"column":25},"end":{"line":83,"column":57}},"15":{"start":{"line":84,"column":20},"end":{"line":84,"column":41}},"16":{"start":{"line":86,"column":4},"end":{"line":86,"column":null}},"17":{"start":{"line":87,"column":4},"end":{"line":87,"column":null}},"18":{"start":{"line":88,"column":4},"end":{"line":88,"column":null}},"19":{"start":{"line":89,"column":4},"end":{"line":89,"column":null}},"20":{"start":{"line":90,"column":4},"end":{"line":90,"column":null}},"21":{"start":{"line":93,"column":30},"end":{"line":93,"column":79}},"22":{"start":{"line":94,"column":21},"end":{"line":99,"column":null}},"23":{"start":{"line":101,"column":21},"end":{"line":101,"column":66}},"24":{"start":{"line":103,"column":4},"end":{"line":103,"column":null}},"25":{"start":{"line":104,"column":4},"end":{"line":104,"column":null}},"26":{"start":{"line":106,"column":4},"end":{"line":124,"column":null}},"27":{"start":{"line":107,"column":6},"end":{"line":111,"column":null}},"28":{"start":{"line":113,"column":6},"end":{"line":113,"column":null}},"29":{"start":{"line":115,"column":6},"end":{"line":123,"column":null}},"30":{"start":{"line":117,"column":10},"end":{"line":121,"column":null}},"31":{"start":{"line":126,"column":4},"end":{"line":126,"column":null}},"32":{"start":{"line":127,"column":4},"end":{"line":131,"column":null}},"33":{"start":{"line":132,"column":4},"end":{"line":136,"column":null}},"34":{"start":{"line":138,"column":4},"end":{"line":143,"column":null}},"35":{"start":{"line":145,"column":4},"end":{"line":147,"column":null}},"36":{"start":{"line":146,"column":6},"end":{"line":146,"column":null}},"37":{"start":{"line":154,"column":4},"end":{"line":157,"column":null}},"38":{"start":{"line":174,"column":4},"end":{"line":174,"column":null}},"39":{"start":{"line":192,"column":4},"end":{"line":192,"column":null}},"40":{"start":{"line":238,"column":4},"end":{"line":238,"column":null}},"41":{"start":{"line":249,"column":4},"end":{"line":249,"column":null}},"42":{"start":{"line":256,"column":4},"end":{"line":256,"column":null}},"43":{"start":{"line":266,"column":4},"end":{"line":266,"column":null}},"44":{"start":{"line":273,"column":4},"end":{"line":273,"column":null}},"45":{"start":{"line":277,"column":4},"end":{"line":279,"column":null}},"46":{"start":{"line":278,"column":6},"end":{"line":278,"column":null}},"47":{"start":{"line":281,"column":21},"end":{"line":281,"column":49}},"48":{"start":{"line":283,"column":4},"end":{"line":283,"column":null}},"49":{"start":{"line":300,"column":24},"end":{"line":303,"column":null}},"50":{"start":{"line":304,"column":4},"end":{"line":319,"column":null}},"51":{"start":{"line":323,"column":4},"end":{"line":326,"column":null}},"52":{"start":{"line":330,"column":15},"end":{"line":332,"column":6}},"53":{"start":{"line":331,"column":6},"end":{"line":331,"column":null}},"54":{"start":{"line":333,"column":4},"end":{"line":333,"column":null}},"55":{"start":{"line":341,"column":4},"end":{"line":350,"column":null}},"56":{"start":{"line":345,"column":6},"end":{"line":345,"column":null}},"57":{"start":{"line":346,"column":11},"end":{"line":350,"column":null}},"58":{"start":{"line":347,"column":6},"end":{"line":347,"column":null}},"59":{"start":{"line":348,"column":6},"end":{"line":348,"column":null}},"60":{"start":{"line":348,"column":31},"end":{"line":348,"column":null}},"61":{"start":{"line":349,"column":6},"end":{"line":349,"column":null}},"62":{"start":{"line":31,"column":0},"end":{"line":31,"column":21}}},"fnMap":{"0":{"name":"(anonymous_7)","decl":{"start":{"line":75,"column":2},"end":{"line":75,"column":null}},"loc":{"start":{"line":78,"column":47},"end":{"line":148,"column":3}}},"1":{"name":"(anonymous_8)","decl":{"start":{"line":116,"column":13},"end":{"line":116,"column":14}},"loc":{"start":{"line":116,"column":25},"end":{"line":122,"column":9}}},"2":{"name":"(anonymous_9)","decl":{"start":{"line":153,"column":2},"end":{"line":153,"column":6}},"loc":{"start":{"line":153,"column":15},"end":{"line":158,"column":3}}},"3":{"name":"(anonymous_10)","decl":{"start":{"line":173,"column":2},"end":{"line":173,"column":6}},"loc":{"start":{"line":173,"column":23},"end":{"line":175,"column":3}}},"4":{"name":"(anonymous_11)","decl":{"start":{"line":185,"column":2},"end":{"line":185,"column":8}},"loc":{"start":{"line":186,"column":25},"end":{"line":193,"column":3}}},"5":{"name":"(anonymous_12)","decl":{"start":{"line":219,"column":2},"end":{"line":219,"column":5}},"loc":{"start":{"line":226,"column":10},"end":{"line":239,"column":3}}},"6":{"name":"(anonymous_13)","decl":{"start":{"line":248,"column":2},"end":{"line":248,"column":9}},"loc":{"start":{"line":248,"column":69},"end":{"line":250,"column":3}}},"7":{"name":"(anonymous_14)","decl":{"start":{"line":255,"column":2},"end":{"line":255,"column":13}},"loc":{"start":{"line":255,"column":13},"end":{"line":257,"column":3}}},"8":{"name":"(anonymous_15)","decl":{"start":{"line":265,"column":2},"end":{"line":265,"column":15}},"loc":{"start":{"line":265,"column":40},"end":{"line":267,"column":3}}},"9":{"name":"(anonymous_16)","decl":{"start":{"line":272,"column":2},"end":{"line":272,"column":19}},"loc":{"start":{"line":272,"column":19},"end":{"line":274,"column":3}}},"10":{"name":"(anonymous_17)","decl":{"start":{"line":276,"column":16},"end":{"line":276,"column":31}},"loc":{"start":{"line":276,"column":31},"end":{"line":284,"column":null}}},"11":{"name":"(anonymous_19)","decl":{"start":{"line":286,"column":10},"end":{"line":286,"column":33}},"loc":{"start":{"line":298,"column":17},"end":{"line":320,"column":3}}},"12":{"name":"(anonymous_20)","decl":{"start":{"line":322,"column":10},"end":{"line":322,"column":29}},"loc":{"start":{"line":322,"column":60},"end":{"line":327,"column":3}}},"13":{"name":"(anonymous_21)","decl":{"start":{"line":329,"column":10},"end":{"line":329,"column":30}},"loc":{"start":{"line":329,"column":30},"end":{"line":334,"column":3}}},"14":{"name":"(anonymous_22)","decl":{"start":{"line":330,"column":43},"end":{"line":330,"column":44}},"loc":{"start":{"line":330,"column":62},"end":{"line":332,"column":5}}},"15":{"name":"(anonymous_23)","decl":{"start":{"line":336,"column":10},"end":{"line":336,"column":29}},"loc":{"start":{"line":339,"column":18},"end":{"line":351,"column":3}}}},"branchMap":{"0":{"loc":{"start":{"line":80,"column":4},"end":{"line":80,"column":null}},"type":"if","locations":[{"start":{"line":80,"column":4},"end":{"line":80,"column":null}}]},"1":{"loc":{"start":{"line":81,"column":4},"end":{"line":81,"column":null}},"type":"if","locations":[{"start":{"line":81,"column":4},"end":{"line":81,"column":null}}]},"2":{"loc":{"start":{"line":101,"column":42},"end":{"line":101,"column":55}},"type":"cond-expr","locations":[{"start":{"line":101,"column":42},"end":{"line":101,"column":49}},{"start":{"line":101,"column":53},"end":{"line":101,"column":55}}]},"3":{"loc":{"start":{"line":101,"column":42},"end":{"line":101,"column":53}},"type":"binary-expr","locations":[{"start":{"line":101,"column":42},"end":{"line":101,"column":53}},{"start":{"line":101,"column":42},"end":{"line":101,"column":53}}]},"4":{"loc":{"start":{"line":103,"column":22},"end":{"line":103,"column":52}},"type":"cond-expr","locations":[{"start":{"line":103,"column":46},"end":{"line":103,"column":50}},{"start":{"line":103,"column":50},"end":{"line":103,"column":52}}]},"5":{"loc":{"start":{"line":103,"column":22},"end":{"line":103,"column":50}},"type":"binary-expr","locations":[{"start":{"line":103,"column":22},"end":{"line":103,"column":50}},{"start":{"line":103,"column":46},"end":{"line":103,"column":50}}]},"6":{"loc":{"start":{"line":104,"column":19},"end":{"line":104,"column":48}},"type":"cond-expr","locations":[{"start":{"line":104,"column":42},"end":{"line":104,"column":46}},{"start":{"line":104,"column":46},"end":{"line":104,"column":48}}]},"7":{"loc":{"start":{"line":104,"column":19},"end":{"line":104,"column":46}},"type":"binary-expr","locations":[{"start":{"line":104,"column":19},"end":{"line":104,"column":46}},{"start":{"line":104,"column":42},"end":{"line":104,"column":46}}]},"8":{"loc":{"start":{"line":106,"column":4},"end":{"line":124,"column":null}},"type":"if","locations":[{"start":{"line":106,"column":4},"end":{"line":124,"column":null}},{"start":{"line":112,"column":11},"end":{"line":124,"column":null}}]},"9":{"loc":{"start":{"line":108,"column":8},"end":{"line":108,"column":27}},"type":"cond-expr","locations":[{"start":{"line":108,"column":21},"end":{"line":108,"column":25}},{"start":{"line":108,"column":25},"end":{"line":108,"column":27}}]},"10":{"loc":{"start":{"line":108,"column":8},"end":{"line":108,"column":25}},"type":"binary-expr","locations":[{"start":{"line":108,"column":8},"end":{"line":108,"column":25}},{"start":{"line":108,"column":21},"end":{"line":108,"column":25}}]},"11":{"loc":{"start":{"line":142,"column":6},"end":{"line":142,"column":22}},"type":"cond-expr","locations":[{"start":{"line":142,"column":13},"end":{"line":142,"column":15}},{"start":{"line":142,"column":6},"end":{"line":142,"column":22}}]},"12":{"loc":{"start":{"line":142,"column":6},"end":{"line":142,"column":15}},"type":"binary-expr","locations":[{"start":{"line":142,"column":6},"end":{"line":142,"column":15}},{"start":{"line":142,"column":6},"end":{"line":142,"column":15}}]},"13":{"loc":{"start":{"line":145,"column":4},"end":{"line":147,"column":null}},"type":"if","locations":[{"start":{"line":145,"column":4},"end":{"line":147,"column":null}}]},"14":{"loc":{"start":{"line":221,"column":4},"end":{"line":221,"column":25}},"type":"default-arg","locations":[{"start":{"line":221,"column":23},"end":{"line":221,"column":25}}]},"15":{"loc":{"start":{"line":222,"column":4},"end":{"line":226,"column":10}},"type":"default-arg","locations":[{"start":{"line":226,"column":8},"end":{"line":226,"column":10}}]},"16":{"loc":{"start":{"line":248,"column":24},"end":{"line":248,"column":69}},"type":"default-arg","locations":[{"start":{"line":248,"column":55},"end":{"line":248,"column":69}}]},"17":{"loc":{"start":{"line":277,"column":4},"end":{"line":279,"column":null}},"type":"if","locations":[{"start":{"line":277,"column":4},"end":{"line":279,"column":null}}]},"18":{"loc":{"start":{"line":283,"column":11},"end":{"line":283,"column":45}},"type":"cond-expr","locations":[{"start":{"line":283,"column":37},"end":{"line":283,"column":41}},{"start":{"line":283,"column":41},"end":{"line":283,"column":45}}]},"19":{"loc":{"start":{"line":283,"column":11},"end":{"line":283,"column":41}},"type":"binary-expr","locations":[{"start":{"line":283,"column":11},"end":{"line":283,"column":41}},{"start":{"line":283,"column":37},"end":{"line":283,"column":41}}]},"20":{"loc":{"start":{"line":283,"column":11},"end":{"line":283,"column":37}},"type":"cond-expr","locations":[{"start":{"line":283,"column":23},"end":{"line":283,"column":25}},{"start":{"line":283,"column":23},"end":{"line":283,"column":37}}]},"21":{"loc":{"start":{"line":283,"column":11},"end":{"line":283,"column":25}},"type":"binary-expr","locations":[{"start":{"line":283,"column":11},"end":{"line":283,"column":25}},{"start":{"line":283,"column":23},"end":{"line":283,"column":25}}]},"22":{"loc":{"start":{"line":325,"column":52},"end":{"line":325,"column":67}},"type":"cond-expr","locations":[{"start":{"line":325,"column":59},"end":{"line":325,"column":61}},{"start":{"line":325,"column":52},"end":{"line":325,"column":67}}]},"23":{"loc":{"start":{"line":325,"column":52},"end":{"line":325,"column":61}},"type":"binary-expr","locations":[{"start":{"line":325,"column":52},"end":{"line":325,"column":61}},{"start":{"line":325,"column":52},"end":{"line":325,"column":61}}]},"24":{"loc":{"start":{"line":331,"column":48},"end":{"line":331,"column":69}},"type":"cond-expr","locations":[{"start":{"line":331,"column":55},"end":{"line":331,"column":57}},{"start":{"line":331,"column":48},"end":{"line":331,"column":69}}]},"25":{"loc":{"start":{"line":331,"column":48},"end":{"line":331,"column":57}},"type":"binary-expr","locations":[{"start":{"line":331,"column":48},"end":{"line":331,"column":57}},{"start":{"line":331,"column":48},"end":{"line":331,"column":57}}]},"26":{"loc":{"start":{"line":341,"column":4},"end":{"line":350,"column":null}},"type":"if","locations":[{"start":{"line":341,"column":4},"end":{"line":350,"column":null}},{"start":{"line":346,"column":11},"end":{"line":350,"column":null}}]},"27":{"loc":{"start":{"line":342,"column":6},"end":{"line":343,"column":39}},"type":"binary-expr","locations":[{"start":{"line":342,"column":7},"end":{"line":342,"column":34}},{"start":{"line":342,"column":38},"end":{"line":342,"column":59}},{"start":{"line":343,"column":6},"end":{"line":343,"column":39}}]},"28":{"loc":{"start":{"line":346,"column":11},"end":{"line":350,"column":null}},"type":"if","locations":[{"start":{"line":346,"column":11},"end":{"line":350,"column":null}}]},"29":{"loc":{"start":{"line":348,"column":6},"end":{"line":348,"column":null}},"type":"if","locations":[{"start":{"line":348,"column":6},"end":{"line":348,"column":null}}]}},"s":{"0":2,"1":2,"2":2,"3":2,"4":2,"5":2,"6":2,"7":2,"8":21,"9":21,"10":21,"11":1,"12":20,"13":1,"14":19,"15":19,"16":19,"17":19,"18":19,"19":19,"20":19,"21":19,"22":19,"23":19,"24":19,"25":19,"26":19,"27":18,"28":1,"29":1,"30":1,"31":19,"32":19,"33":19,"34":19,"35":19,"36":18,"37":1,"38":0,"39":1,"40":3,"41":4,"42":3,"43":1,"44":1,"45":0,"46":0,"47":0,"48":0,"49":19,"50":19,"51":19,"52":18,"53":18,"54":18,"55":18,"56":0,"57":18,"58":0,"59":0,"60":0,"61":0,"62":2},"f":{"0":21,"1":1,"2":1,"3":0,"4":1,"5":3,"6":4,"7":3,"8":1,"9":1,"10":0,"11":19,"12":19,"13":18,"14":18,"15":18},"b":{"0":[1],"1":[1],"2":[4,15],"3":[19,19],"4":[19,0],"5":[19,19],"6":[19,0],"7":[19,19],"8":[18,1],"9":[18,0],"10":[18,18],"11":[15,4],"12":[19,19],"13":[18],"14":[1],"15":[2],"16":[4],"17":[0],"18":[0,0],"19":[0,0],"20":[0,0],"21":[0,0],"22":[0,19],"23":[19,19],"24":[18,0],"25":[18,0],"26":[0,18],"27":[18,18,0],"28":[0],"29":[0]}}
,"/Users/fileas/Projects/supaprojects/client-libs/supabase-js/src/index.ts": {"path":"/Users/fileas/Projects/supaprojects/client-libs/supabase-js/src/index.ts","statementMap":{"0":{"start":{"line":1,"column":0},"end":{"line":1,"column":45}},"1":{"start":{"line":4,"column":0},"end":{"line":4,"column":33}},"2":{"start":{"line":6,"column":0},"end":{"line":6,"column":null}},"3":{"start":{"line":10,"column":2},"end":{"line":10,"column":null}},"4":{"start":{"line":12,"column":0},"end":{"line":12,"column":null}},"5":{"start":{"line":13,"column":2},"end":{"line":13,"column":null}},"6":{"start":{"line":14,"column":2},"end":{"line":14,"column":null}},"7":{"start":{"line":15,"column":2},"end":{"line":15,"column":null}},"8":{"start":{"line":16,"column":2},"end":{"line":16,"column":null}},"9":{"start":{"line":18,"column":2},"end":{"line":18,"column":null}},"10":{"start":{"line":20,"column":0},"end":{"line":20,"column":37}},"11":{"start":{"line":21,"column":0},"end":{"line":21,"column":9}},"12":{"start":{"line":21,"column":9},"end":{"line":21,"column":34}},"13":{"start":{"line":27,"column":28},"end":{"line":41,"column":1}},"14":{"start":{"line":40,"column":2},"end":{"line":40,"column":null}},"15":{"start":{"line":27,"column":13},"end":{"line":27,"column":28}},"16":{"start":{"line":45,"column":2},"end":{"line":52,"column":null}},"17":{"start":{"line":51,"column":4},"end":{"line":51,"column":null}},"18":{"start":{"line":54,"column":23},"end":{"line":54,"column":57}},"19":{"start":{"line":55,"column":2},"end":{"line":57,"column":null}},"20":{"start":{"line":56,"column":4},"end":{"line":56,"column":null}},"21":{"start":{"line":59,"column":23},"end":{"line":59,"column":52}},"22":{"start":{"line":60,"column":2},"end":{"line":60,"column":null}},"23":{"start":{"line":63,"column":0},"end":{"line":69,"column":null}},"24":{"start":{"line":64,"column":2},"end":{"line":68,"column":null}}},"fnMap":{"0":{"name":"(anonymous_5)","decl":{"start":{"line":10,"column":2},"end":{"line":10,"column":16}},"loc":{"start":{"line":10,"column":2},"end":{"line":10,"column":null}}},"1":{"name":"(anonymous_6)","decl":{"start":{"line":13,"column":2},"end":{"line":13,"column":20}},"loc":{"start":{"line":13,"column":2},"end":{"line":13,"column":null}}},"2":{"name":"(anonymous_7)","decl":{"start":{"line":14,"column":2},"end":{"line":14,"column":21}},"loc":{"start":{"line":14,"column":2},"end":{"line":14,"column":null}}},"3":{"name":"(anonymous_8)","decl":{"start":{"line":15,"column":2},"end":{"line":15,"column":21}},"loc":{"start":{"line":15,"column":2},"end":{"line":15,"column":null}}},"4":{"name":"(anonymous_9)","decl":{"start":{"line":16,"column":2},"end":{"line":16,"column":16}},"loc":{"start":{"line":16,"column":2},"end":{"line":16,"column":null}}},"5":{"name":"(anonymous_10)","decl":{"start":{"line":18,"column":2},"end":{"line":18,"column":16}},"loc":{"start":{"line":18,"column":2},"end":{"line":18,"column":null}}},"6":{"name":"(anonymous_11)","decl":{"start":{"line":21,"column":9},"end":{"line":21,"column":16}},"loc":{"start":{"line":21,"column":9},"end":{"line":21,"column":34}}},"7":{"name":"(anonymous_12)","decl":{"start":{"line":27,"column":28},"end":{"line":27,"column":null}},"loc":{"start":{"line":39,"column":50},"end":{"line":41,"column":1}}},"8":{"name":"shouldShowDeprecationWarning","decl":{"start":{"line":44,"column":9},"end":{"line":44,"column":37}},"loc":{"start":{"line":44,"column":37},"end":{"line":61,"column":1}}}},"branchMap":{"0":{"loc":{"start":{"line":45,"column":2},"end":{"line":52,"column":null}},"type":"if","locations":[{"start":{"line":45,"column":2},"end":{"line":52,"column":null}}]},"1":{"loc":{"start":{"line":46,"column":4},"end":{"line":49,"column":28}},"type":"binary-expr","locations":[{"start":{"line":46,"column":4},"end":{"line":46,"column":33}},{"start":{"line":47,"column":4},"end":{"line":47,"column":34}},{"start":{"line":48,"column":4},"end":{"line":48,"column":33}},{"start":{"line":49,"column":4},"end":{"line":49,"column":28}}]},"2":{"loc":{"start":{"line":55,"column":2},"end":{"line":57,"column":null}},"type":"if","locations":[{"start":{"line":55,"column":2},"end":{"line":57,"column":null}}]},"3":{"loc":{"start":{"line":63,"column":0},"end":{"line":69,"column":null}},"type":"if","locations":[{"start":{"line":63,"column":0},"end":{"line":69,"column":null}}]}},"s":{"0":1,"1":1,"2":1,"3":1,"4":1,"5":1,"6":1,"7":1,"8":1,"9":1,"10":1,"11":1,"12":2,"13":1,"14":20,"15":1,"16":1,"17":0,"18":1,"19":1,"20":0,"21":1,"22":1,"23":1,"24":0},"f":{"0":0,"1":0,"2":0,"3":0,"4":0,"5":0,"6":1,"7":20,"8":1},"b":{"0":[0],"1":[1,1,1,1],"2":[0],"3":[0]}}
,"/Users/fileas/Projects/supaprojects/client-libs/supabase-js/src/lib/SupabaseAuthClient.ts": {"path":"/Users/fileas/Projects/supaprojects/client-libs/supabase-js/src/lib/SupabaseAuthClient.ts","statementMap":{"0":{"start":{"line":1,"column":0},"end":{"line":1,"column":46}},"1":{"start":{"line":6,"column":4},"end":{"line":6,"column":null}},"2":{"start":{"line":4,"column":0},"end":{"line":4,"column":13}}},"fnMap":{"0":{"name":"(anonymous_0)","decl":{"start":{"line":5,"column":2},"end":{"line":5,"column":14}},"loc":{"start":{"line":5,"column":48},"end":{"line":7,"column":3}}}},"branchMap":{},"s":{"0":2,"1":20,"2":2},"f":{"0":20},"b":{}}
,"/Users/fileas/Projects/supaprojects/client-libs/supabase-js/src/lib/constants.ts": {"path":"/Users/fileas/Projects/supaprojects/client-libs/supabase-js/src/lib/constants.ts","statementMap":{"0":{"start":{"line":4,"column":0},"end":{"line":4,"column":35}},"1":{"start":{"line":6,"column":13},"end":{"line":6,"column":15}},"2":{"start":{"line":8,"column":0},"end":{"line":16,"column":null}},"3":{"start":{"line":9,"column":2},"end":{"line":9,"column":null}},"4":{"start":{"line":10,"column":7},"end":{"line":16,"column":null}},"5":{"start":{"line":11,"column":2},"end":{"line":11,"column":null}},"6":{"start":{"line":12,"column":7},"end":{"line":16,"column":null}},"7":{"start":{"line":13,"column":2},"end":{"line":13,"column":null}},"8":{"start":{"line":15,"column":2},"end":{"line":15,"column":null}},"9":{"start":{"line":18,"column":13},"end":{"line":18,"column":null}},"10":{"start":{"line":20,"column":13},"end":{"line":22,"column":null}},"11":{"start":{"line":24,"column":13},"end":{"line":26,"column":null}},"12":{"start":{"line":28,"column":13},"end":{"line":33,"column":null}},"13":{"start":{"line":35,"column":13},"end":{"line":35,"column":null}}},"fnMap":{},"branchMap":{"0":{"loc":{"start":{"line":8,"column":0},"end":{"line":16,"column":null}},"type":"if","locations":[{"start":{"line":8,"column":0},"end":{"line":16,"column":null}},{"start":{"line":10,"column":7},"end":{"line":16,"column":null}}]},"1":{"loc":{"start":{"line":10,"column":7},"end":{"line":16,"column":null}},"type":"if","locations":[{"start":{"line":10,"column":7},"end":{"line":16,"column":null}},{"start":{"line":12,"column":7},"end":{"line":16,"column":null}}]},"2":{"loc":{"start":{"line":12,"column":7},"end":{"line":16,"column":null}},"type":"if","locations":[{"start":{"line":12,"column":7},"end":{"line":16,"column":null}},{"start":{"line":14,"column":7},"end":{"line":16,"column":null}}]},"3":{"loc":{"start":{"line":12,"column":11},"end":{"line":12,"column":82}},"type":"binary-expr","locations":[{"start":{"line":12,"column":11},"end":{"line":12,"column":43}},{"start":{"line":12,"column":47},"end":{"line":12,"column":82}}]}},"s":{"0":4,"1":4,"2":4,"3":0,"4":4,"5":0,"6":4,"7":0,"8":4,"9":4,"10":4,"11":4,"12":4,"13":4},"f":{},"b":{"0":[0,4],"1":[0,4],"2":[0,4],"3":[4,4]}}
,"/Users/fileas/Projects/supaprojects/client-libs/supabase-js/src/lib/fetch.ts": {"path":"/Users/fileas/Projects/supaprojects/client-libs/supabase-js/src/lib/fetch.ts","statementMap":{"0":{"start":{"line":2,"column":0},"end":{"line":2,"column":77}},"1":{"start":{"line":6,"column":28},"end":{"line":16,"column":1}},"2":{"start":{"line":8,"column":2},"end":{"line":14,"column":null}},"3":{"start":{"line":9,"column":4},"end":{"line":9,"column":null}},"4":{"start":{"line":10,"column":9},"end":{"line":14,"column":null}},"5":{"start":{"line":11,"column":4},"end":{"line":11,"column":null}},"6":{"start":{"line":13,"column":4},"end":{"line":13,"column":null}},"7":{"start":{"line":15,"column":2},"end":{"line":15,"column":null}},"8":{"start":{"line":15,"column":41},"end":{"line":15,"column":56}},"9":{"start":{"line":6,"column":13},"end":{"line":6,"column":28}},"10":{"start":{"line":18,"column":41},"end":{"line":24,"column":1}},"11":{"start":{"line":19,"column":2},"end":{"line":21,"column":null}},"12":{"start":{"line":20,"column":4},"end":{"line":20,"column":null}},"13":{"start":{"line":23,"column":2},"end":{"line":23,"column":null}},"14":{"start":{"line":18,"column":13},"end":{"line":18,"column":41}},"15":{"start":{"line":26,"column":29},"end":{"line":48,"column":1}},"16":{"start":{"line":31,"column":16},"end":{"line":31,"column":41}},"17":{"start":{"line":32,"column":29},"end":{"line":32,"column":56}},"18":{"start":{"line":34,"column":2},"end":{"line":47,"column":null}},"19":{"start":{"line":34,"column":31},"end":{"line":47,"column":null}},"20":{"start":{"line":35,"column":24},"end":{"line":35,"column":63}},"21":{"start":{"line":36,"column":18},"end":{"line":36,"column":55}},"22":{"start":{"line":38,"column":4},"end":{"line":40,"column":null}},"23":{"start":{"line":39,"column":6},"end":{"line":39,"column":null}},"24":{"start":{"line":42,"column":4},"end":{"line":44,"column":null}},"25":{"start":{"line":43,"column":6},"end":{"line":43,"column":null}},"26":{"start":{"line":46,"column":4},"end":{"line":46,"column":null}},"27":{"start":{"line":26,"column":13},"end":{"line":26,"column":29}}},"fnMap":{"0":{"name":"(anonymous_13)","decl":{"start":{"line":6,"column":28},"end":{"line":6,"column":29}},"loc":{"start":{"line":6,"column":59},"end":{"line":16,"column":1}}},"1":{"name":"(anonymous_14)","decl":{"start":{"line":15,"column":9},"end":{"line":15,"column":10}},"loc":{"start":{"line":15,"column":41},"end":{"line":15,"column":56}}},"2":{"name":"(anonymous_15)","decl":{"start":{"line":18,"column":41},"end":{"line":18,"column":44}},"loc":{"start":{"line":18,"column":46},"end":{"line":24,"column":1}}},"3":{"name":"(anonymous_16)","decl":{"start":{"line":26,"column":29},"end":{"line":26,"column":null}},"loc":{"start":{"line":30,"column":11},"end":{"line":48,"column":1}}},"4":{"name":"(anonymous_17)","decl":{"start":{"line":34,"column":9},"end":{"line":34,"column":16}},"loc":{"start":{"line":34,"column":31},"end":{"line":47,"column":null}}},"5":{"name":"(anonymous_18)","decl":{"start":{"line":34,"column":31},"end":{"line":34,"column":null}},"loc":{"start":{"line":34,"column":31},"end":{"line":47,"column":3}}}},"branchMap":{"0":{"loc":{"start":{"line":8,"column":2},"end":{"line":14,"column":null}},"type":"if","locations":[{"start":{"line":8,"column":2},"end":{"line":14,"column":null}},{"start":{"line":10,"column":9},"end":{"line":14,"column":null}}]},"1":{"loc":{"start":{"line":10,"column":9},"end":{"line":14,"column":null}},"type":"if","locations":[{"start":{"line":10,"column":9},"end":{"line":14,"column":null}},{"start":{"line":12,"column":9},"end":{"line":14,"column":null}}]},"2":{"loc":{"start":{"line":19,"column":2},"end":{"line":21,"column":null}},"type":"if","locations":[{"start":{"line":19,"column":2},"end":{"line":21,"column":null}}]},"3":{"loc":{"start":{"line":35,"column":24},"end":{"line":35,"column":63}},"type":"cond-expr","locations":[{"start":{"line":35,"column":48},"end":{"line":35,"column":52}},{"start":{"line":35,"column":52},"end":{"line":35,"column":63}}]},"4":{"loc":{"start":{"line":35,"column":24},"end":{"line":35,"column":52}},"type":"binary-expr","locations":[{"start":{"line":35,"column":24},"end":{"line":35,"column":52}},{"start":{"line":35,"column":48},"end":{"line":35,"column":52}}]},"5":{"loc":{"start":{"line":36,"column":41},"end":{"line":36,"column":54}},"type":"cond-expr","locations":[{"start":{"line":36,"column":45},"end":{"line":36,"column":47}},{"start":{"line":36,"column":41},"end":{"line":36,"column":54}}]},"6":{"loc":{"start":{"line":36,"column":41},"end":{"line":36,"column":47}},"type":"binary-expr","locations":[{"start":{"line":36,"column":41},"end":{"line":36,"column":47}},{"start":{"line":36,"column":41},"end":{"line":36,"column":47}}]},"7":{"loc":{"start":{"line":38,"column":4},"end":{"line":40,"column":null}},"type":"if","locations":[{"start":{"line":38,"column":4},"end":{"line":40,"column":null}}]},"8":{"loc":{"start":{"line":42,"column":4},"end":{"line":44,"column":null}},"type":"if","locations":[{"start":{"line":42,"column":4},"end":{"line":44,"column":null}}]}},"s":{"0":2,"1":2,"2":19,"3":0,"4":19,"5":0,"6":19,"7":19,"8":0,"9":2,"10":2,"11":19,"12":0,"13":19,"14":2,"15":2,"16":19,"17":19,"18":19,"19":0,"20":0,"21":0,"22":0,"23":0,"24":0,"25":0,"26":0,"27":2},"f":{"0":19,"1":0,"2":19,"3":19,"4":0,"5":0},"b":{"0":[0,19],"1":[0,19],"2":[0],"3":[0,0],"4":[0,0],"5":[0,0],"6":[0,0],"7":[0],"8":[0]}}
,"/Users/fileas/Projects/supaprojects/client-libs/supabase-js/src/lib/helpers.ts": {"path":"/Users/fileas/Projects/supaprojects/client-libs/supabase-js/src/lib/helpers.ts","statementMap":{"0":{"start":{"line":5,"column":2},"end":{"line":9,"column":null}},"1":{"start":{"line":6,"column":12},"end":{"line":6,"column":36}},"2":{"start":{"line":7,"column":10},"end":{"line":7,"column":40}},"3":{"start":{"line":8,"column":4},"end":{"line":8,"column":null}},"4":{"start":{"line":4,"column":0},"end":{"line":4,"column":16}},"5":{"start":{"line":13,"column":2},"end":{"line":13,"column":null}},"6":{"start":{"line":12,"column":0},"end":{"line":12,"column":16}},"7":{"start":{"line":16,"column":25},"end":{"line":16,"column":60}},"8":{"start":{"line":16,"column":31},"end":{"line":16,"column":60}},"9":{"start":{"line":16,"column":13},"end":{"line":16,"column":25}},"10":{"start":{"line":32,"column":6},"end":{"line":32,"column":13}},"11":{"start":{"line":38,"column":6},"end":{"line":38,"column":14}},"12":{"start":{"line":40,"column":62},"end":{"line":63,"column":null}},"13":{"start":{"line":62,"column":28},"end":{"line":62,"column":null}},"14":{"start":{"line":62,"column":29},"end":{"line":62,"column":null}},"15":{"start":{"line":65,"column":2},"end":{"line":70,"column":null}},"16":{"start":{"line":66,"column":4},"end":{"line":66,"column":null}},"17":{"start":{"line":69,"column":4},"end":{"line":69,"column":null}},"18":{"start":{"line":72,"column":2},"end":{"line":72,"column":null}},"19":{"start":{"line":18,"column":0},"end":{"line":18,"column":16}}},"fnMap":{"0":{"name":"uuid","decl":{"start":{"line":4,"column":16},"end":{"line":4,"column":20}},"loc":{"start":{"line":4,"column":20},"end":{"line":10,"column":1}}},"1":{"name":"(anonymous_8)","decl":{"start":{"line":5,"column":65},"end":{"line":5,"column":75}},"loc":{"start":{"line":5,"column":76},"end":{"line":9,"column":3}}},"2":{"name":"ensureTrailingSlash","decl":{"start":{"line":12,"column":16},"end":{"line":12,"column":35}},"loc":{"start":{"line":12,"column":47},"end":{"line":14,"column":1}}},"3":{"name":"(anonymous_10)","decl":{"start":{"line":16,"column":25},"end":{"line":16,"column":28}},"loc":{"start":{"line":16,"column":31},"end":{"line":16,"column":60}}},"4":{"name":"applySettingDefaults","decl":{"start":{"line":18,"column":16},"end":{"line":18,"column":36}},"loc":{"start":{"line":25,"column":38},"end":{"line":73,"column":1}}},"5":{"name":"(anonymous_12)","decl":{"start":{"line":62,"column":17},"end":{"line":62,"column":26}},"loc":{"start":{"line":62,"column":28},"end":{"line":62,"column":null}}},"6":{"name":"(anonymous_13)","decl":{"start":{"line":62,"column":28},"end":{"line":62,"column":29}},"loc":{"start":{"line":62,"column":28},"end":{"line":62,"column":null}}}},"branchMap":{"0":{"loc":{"start":{"line":7,"column":10},"end":{"line":7,"column":40}},"type":"cond-expr","locations":[{"start":{"line":7,"column":21},"end":{"line":7,"column":22}},{"start":{"line":7,"column":25},"end":{"line":7,"column":40}}]},"1":{"loc":{"start":{"line":13,"column":9},"end":{"line":13,"column":44}},"type":"cond-expr","locations":[{"start":{"line":13,"column":29},"end":{"line":13,"column":32}},{"start":{"line":13,"column":35},"end":{"line":13,"column":44}}]},"2":{"loc":{"start":{"line":58,"column":12},"end":{"line":58,"column":49}},"type":"cond-expr","locations":[{"start":{"line":58,"column":43},"end":{"line":58,"column":47}},{"start":{"line":58,"column":47},"end":{"line":58,"column":49}}]},"3":{"loc":{"start":{"line":58,"column":12},"end":{"line":58,"column":47}},"type":"binary-expr","locations":[{"start":{"line":58,"column":12},"end":{"line":58,"column":47}},{"start":{"line":58,"column":43},"end":{"line":58,"column":47}}]},"4":{"loc":{"start":{"line":58,"column":12},"end":{"line":58,"column":43}},"type":"cond-expr","locations":[{"start":{"line":58,"column":34},"end":{"line":58,"column":36}},{"start":{"line":58,"column":12},"end":{"line":58,"column":43}}]},"5":{"loc":{"start":{"line":58,"column":12},"end":{"line":58,"column":36}},"type":"binary-expr","locations":[{"start":{"line":58,"column":12},"end":{"line":58,"column":36}},{"start":{"line":58,"column":12},"end":{"line":58,"column":36}}]},"6":{"loc":{"start":{"line":59,"column":12},"end":{"line":59,"column":40}},"type":"cond-expr","locations":[{"start":{"line":59,"column":34},"end":{"line":59,"column":38}},{"start":{"line":59,"column":38},"end":{"line":59,"column":40}}]},"7":{"loc":{"start":{"line":59,"column":12},"end":{"line":59,"column":38}},"type":"binary-expr","locations":[{"start":{"line":59,"column":12},"end":{"line":59,"column":38}},{"start":{"line":59,"column":34},"end":{"line":59,"column":38}}]},"8":{"loc":{"start":{"line":59,"column":12},"end":{"line":59,"column":34}},"type":"cond-expr","locations":[{"start":{"line":59,"column":25},"end":{"line":59,"column":27}},{"start":{"line":59,"column":12},"end":{"line":59,"column":34}}]},"9":{"loc":{"start":{"line":59,"column":12},"end":{"line":59,"column":27}},"type":"binary-expr","locations":[{"start":{"line":59,"column":12},"end":{"line":59,"column":27}},{"start":{"line":59,"column":12},"end":{"line":59,"column":27}}]},"10":{"loc":{"start":{"line":65,"column":2},"end":{"line":70,"column":null}},"type":"if","locations":[{"start":{"line":65,"column":2},"end":{"line":70,"column":null}},{"start":{"line":67,"column":9},"end":{"line":70,"column":null}}]}},"s":{"0":1,"1":31,"2":31,"3":31,"4":4,"5":23,"6":4,"7":4,"8":0,"9":4,"10":20,"11":20,"12":20,"13":0,"14":0,"15":20,"16":1,"17":19,"18":20,"19":4},"f":{"0":1,"1":31,"2":23,"3":0,"4":20,"5":0,"6":0},"b":{"0":[30,1],"1":[2,21],"2":[20,0],"3":[20,20],"4":[0,20],"5":[20,20],"6":[2,18],"7":[20,20],"8":[18,2],"9":[20,20],"10":[1,19]}}
,"/Users/fileas/Projects/supaprojects/client-libs/supabase-js/src/lib/version.ts": {"path":"/Users/fileas/Projects/supaprojects/client-libs/supabase-js/src/lib/version.ts","statementMap":{"0":{"start":{"line":1,"column":13},"end":{"line":1,"column":null}}},"fnMap":{},"branchMap":{},"s":{"0":4},"f":{},"b":{}}
}
