TN:
SF:src/SupabaseClient.ts
FN:75,(anonymous_7)
FN:116,(anonymous_8)
FN:153,(anonymous_9)
FN:173,(anonymous_10)
FN:185,(anonymous_11)
FN:219,(anonymous_12)
FN:248,(anonymous_13)
FN:255,(anonymous_14)
FN:265,(anonymous_15)
FN:272,(anonymous_16)
FN:276,(anonymous_17)
FN:286,(anonymous_19)
FN:322,(anonymous_20)
FN:329,(anonymous_21)
FN:330,(anonymous_22)
FN:336,(anonymous_23)
FNF:16
FNH:14
FNDA:21,(anonymous_7)
FNDA:1,(anonymous_8)
FNDA:1,(anonymous_9)
FNDA:0,(anonymous_10)
FNDA:1,(anonymous_11)
FNDA:3,(anonymous_12)
FNDA:4,(anonymous_13)
FNDA:3,(anonymous_14)
FNDA:1,(anonymous_15)
FNDA:1,(anonymous_16)
FNDA:0,(anonymous_17)
FNDA:19,(anonymous_19)
FNDA:19,(anonymous_20)
FNDA:18,(anonymous_21)
FNDA:18,(anonymous_22)
FNDA:18,(anonymous_23)
DA:1,2
DA:3,2
DA:8,2
DA:14,2
DA:15,2
DA:21,2
DA:22,2
DA:23,2
DA:31,2
DA:76,21
DA:77,21
DA:80,21
DA:81,20
DA:83,19
DA:84,19
DA:86,19
DA:87,19
DA:88,19
DA:89,19
DA:90,19
DA:93,19
DA:94,19
DA:101,19
DA:103,19
DA:104,19
DA:106,19
DA:107,18
DA:113,1
DA:115,1
DA:117,1
DA:126,19
DA:127,19
DA:132,19
DA:138,19
DA:145,19
DA:146,18
DA:154,1
DA:174,0
DA:192,1
DA:238,3
DA:249,4
DA:256,3
DA:266,1
DA:273,1
DA:277,0
DA:278,0
DA:281,0
DA:283,0
DA:300,19
DA:304,19
DA:323,19
DA:330,18
DA:331,18
DA:333,18
DA:341,18
DA:345,0
DA:346,18
DA:347,0
DA:348,0
DA:349,0
LF:60
LH:51
BRDA:80,0,0,1
BRDA:81,1,0,1
BRDA:101,2,0,4
BRDA:101,2,1,15
BRDA:101,3,0,19
BRDA:101,3,1,19
BRDA:103,4,0,19
BRDA:103,4,1,0
BRDA:103,5,0,19
BRDA:103,5,1,19
BRDA:104,6,0,19
BRDA:104,6,1,0
BRDA:104,7,0,19
BRDA:104,7,1,19
BRDA:106,8,0,18
BRDA:106,8,1,1
BRDA:108,9,0,18
BRDA:108,9,1,0
BRDA:108,10,0,18
BRDA:108,10,1,18
BRDA:142,11,0,15
BRDA:142,11,1,4
BRDA:142,12,0,19
BRDA:142,12,1,19
BRDA:145,13,0,18
BRDA:221,14,0,1
BRDA:222,15,0,2
BRDA:248,16,0,4
BRDA:277,17,0,0
BRDA:283,18,0,0
BRDA:283,18,1,0
BRDA:283,19,0,0
BRDA:283,19,1,0
BRDA:283,20,0,0
BRDA:283,20,1,0
BRDA:283,21,0,0
BRDA:283,21,1,0
BRDA:325,22,0,0
BRDA:325,22,1,19
BRDA:325,23,0,19
BRDA:325,23,1,19
BRDA:331,24,0,18
BRDA:331,24,1,0
BRDA:331,25,0,18
BRDA:331,25,1,0
BRDA:341,26,0,0
BRDA:341,26,1,18
BRDA:342,27,0,18
BRDA:342,27,1,18
BRDA:342,27,2,0
BRDA:346,28,0,0
BRDA:348,29,0,0
BRF:52
BRH:33
end_of_record
TN:
SF:src/index.ts
FN:10,(anonymous_5)
FN:13,(anonymous_6)
FN:14,(anonymous_7)
FN:15,(anonymous_8)
FN:16,(anonymous_9)
FN:18,(anonymous_10)
FN:21,(anonymous_11)
FN:27,(anonymous_12)
FN:44,shouldShowDeprecationWarning
FNF:9
FNH:3
FNDA:0,(anonymous_5)
FNDA:0,(anonymous_6)
FNDA:0,(anonymous_7)
FNDA:0,(anonymous_8)
FNDA:0,(anonymous_9)
FNDA:0,(anonymous_10)
FNDA:1,(anonymous_11)
FNDA:20,(anonymous_12)
FNDA:1,shouldShowDeprecationWarning
DA:1,1
DA:4,1
DA:6,1
DA:10,1
DA:12,1
DA:13,1
DA:14,1
DA:15,1
DA:16,1
DA:18,1
DA:20,1
DA:21,2
DA:27,1
DA:40,20
DA:45,1
DA:51,0
DA:54,1
DA:55,1
DA:56,0
DA:59,1
DA:60,1
DA:63,1
DA:64,0
LF:23
LH:20
BRDA:45,0,0,0
BRDA:46,1,0,1
BRDA:46,1,1,1
BRDA:46,1,2,1
BRDA:46,1,3,1
BRDA:55,2,0,0
BRDA:63,3,0,0
BRF:7
BRH:4
end_of_record
TN:
SF:src/lib/SupabaseAuthClient.ts
FN:5,(anonymous_0)
FNF:1
FNH:1
FNDA:20,(anonymous_0)
DA:1,2
DA:4,2
DA:6,20
LF:3
LH:3
BRF:0
BRH:0
end_of_record
TN:
SF:src/lib/constants.ts
FNF:0
FNH:0
DA:4,4
DA:6,4
DA:8,4
DA:9,0
DA:10,4
DA:11,0
DA:12,4
DA:13,0
DA:15,4
DA:18,4
DA:20,4
DA:24,4
DA:28,4
DA:35,4
LF:14
LH:11
BRDA:8,0,0,0
BRDA:8,0,1,4
BRDA:10,1,0,0
BRDA:10,1,1,4
BRDA:12,2,0,0
BRDA:12,2,1,4
BRDA:12,3,0,4
BRDA:12,3,1,4
BRF:8
BRH:5
end_of_record
TN:
SF:src/lib/fetch.ts
FN:6,(anonymous_13)
FN:15,(anonymous_14)
FN:18,(anonymous_15)
FN:26,(anonymous_16)
FN:34,(anonymous_17)
FN:34,(anonymous_18)
FNF:6
FNH:3
FNDA:19,(anonymous_13)
FNDA:0,(anonymous_14)
FNDA:19,(anonymous_15)
FNDA:19,(anonymous_16)
FNDA:0,(anonymous_17)
FNDA:0,(anonymous_18)
DA:2,2
DA:6,2
DA:8,19
DA:9,0
DA:10,19
DA:11,0
DA:13,19
DA:15,19
DA:18,2
DA:19,19
DA:20,0
DA:23,19
DA:26,2
DA:31,19
DA:32,19
DA:34,19
DA:35,0
DA:36,0
DA:38,0
DA:39,0
DA:42,0
DA:43,0
DA:46,0
LF:23
LH:13
BRDA:8,0,0,0
BRDA:8,0,1,19
BRDA:10,1,0,0
BRDA:10,1,1,19
BRDA:19,2,0,0
BRDA:35,3,0,0
BRDA:35,3,1,0
BRDA:35,4,0,0
BRDA:35,4,1,0
BRDA:36,5,0,0
BRDA:36,5,1,0
BRDA:36,6,0,0
BRDA:36,6,1,0
BRDA:38,7,0,0
BRDA:42,8,0,0
BRF:15
BRH:2
end_of_record
TN:
SF:src/lib/helpers.ts
FN:4,uuid
FN:5,(anonymous_8)
FN:12,ensureTrailingSlash
FN:16,(anonymous_10)
FN:18,applySettingDefaults
FN:62,(anonymous_12)
FN:62,(anonymous_13)
FNF:7
FNH:4
FNDA:1,uuid
FNDA:31,(anonymous_8)
FNDA:23,ensureTrailingSlash
FNDA:0,(anonymous_10)
FNDA:20,applySettingDefaults
FNDA:0,(anonymous_12)
FNDA:0,(anonymous_13)
DA:4,4
DA:5,1
DA:6,31
DA:7,31
DA:8,31
DA:12,4
DA:13,23
DA:16,4
DA:18,4
DA:32,20
DA:38,20
DA:40,20
DA:62,0
DA:65,20
DA:66,1
DA:69,19
DA:72,20
LF:17
LH:16
BRDA:7,0,0,30
BRDA:7,0,1,1
BRDA:13,1,0,2
BRDA:13,1,1,21
BRDA:58,2,0,20
BRDA:58,2,1,0
BRDA:58,3,0,20
BRDA:58,3,1,20
BRDA:58,4,0,0
BRDA:58,4,1,20
BRDA:58,5,0,20
BRDA:58,5,1,20
BRDA:59,6,0,2
BRDA:59,6,1,18
BRDA:59,7,0,20
BRDA:59,7,1,20
BRDA:59,8,0,18
BRDA:59,8,1,2
BRDA:59,9,0,20
BRDA:59,9,1,20
BRDA:65,10,0,1
BRDA:65,10,1,19
BRF:22
BRH:20
end_of_record
TN:
SF:src/lib/version.ts
FNF:0
FNH:0
DA:1,4
LF:1
LH:1
BRF:0
BRH:0
end_of_record
