Check test/integration.browser.test.ts
TS2584 [ERROR]: Cannot find name 'document'. Do you need to change your target library? Try changing the 'lib' compiler option to include 'dom'.
        await page.waitForFunction(() => document.getElementById('vsn')?.textContent !== '', {
                                         ~~~~~~~~
    at file:///home/runner/work/supabase-js/supabase-js/packages/core/supabase-js/test/integration.browser.test.ts:144:42
TS2584 [ERROR]: Cannot find name 'document'. Do you need to change your target library? Try changing the 'lib' compiler option to include 'dom'.
          () => document.getElementById('realtime_status')?.textContent === 'SUBSCRIBED',
                ~~~~~~~~
    at file:///home/runner/work/supabase-js/supabase-js/packages/core/supabase-js/test/integration.browser.test.ts:154:17
TS2584 [ERROR]: Cannot find name 'document'. Do you need to change your target library? Try changing the 'lib' compiler option to include 'dom'.
        await page.waitForFunction(() => document.getElementById('vsn')?.textContent !== '', {
                                         ~~~~~~~~
    at file:///home/runner/work/supabase-js/supabase-js/packages/core/supabase-js/test/integration.browser.test.ts:172:42
TS2584 [ERROR]: Cannot find name 'document'. Do you need to change your target library? Try changing the 'lib' compiler option to include 'dom'.
          () => document.getElementById('realtime_status')?.textContent === 'SUBSCRIBED',
                ~~~~~~~~
    at file:///home/runner/work/supabase-js/supabase-js/packages/core/supabase-js/test/integration.browser.test.ts:178:17
TS2584 [ERROR]: Cannot find name 'document'. Do you need to change your target library? Try changing the 'lib' compiler option to include 'dom'.
          () => document.getElementById('received_message')?.textContent === 'Hello from browser!',
                ~~~~~~~~
    at file:///home/runner/work/supabase-js/supabase-js/packages/core/supabase-js/test/integration.browser.test.ts:184:17
Found 5 errors.
error: Type checking failed.
  info: The program failed type-checking, but it still might work correctly.
  hint: Re-run with --no-check to skip type-checking.
npm error Lifecycle script `test:integration:browser` failed with error:
npm error code 1
npm error path /home/runner/work/supabase-js/supabase-js/packages/core/supabase-js
npm error workspace @supabase/supabase-js@0.0.0-automated
npm error location /home/runner/work/supabase-js/supabase-js/packages/core/supabase-js
npm error command failed
npm error command sh -c deno test --allow-all test/integration.browser.test.ts
 NX   Running target test:integration:browser for project @supabase/supabase-js and 1 task it depends on failed
Failed tasks:
- @supabase/supabase-js:test:integration:browser
Hint: run the command with --verbose for more details.
Error: Process completed with exit code 1.